<?xml version="1.0" encoding="UTF-8" ?>
<testsuite errors="0" failures="0" hostname="DESKTOP-RG131NC" name="p3_ayd1.AdministradorTest" tests="3" time="0.951" timestamp="2019-04-27T04:28:04">
  <properties>
    <property name="java.vendor" value="Oracle Corporation" />
    <property name="env.MOZ_PLUGIN_PATH" value="C:\Program Files (x86)\Foxit Software\Foxit Reader\plugins\" />
    <property name="env.USERDOMAIN_ROAMINGPROFILE" value="DESKTOP-RG131NC" />
    <property name="sun.java.launcher" value="SUN_STANDARD" />
    <property name="eclipse.pdebuild.templates" value="/C:/Users/CARZIZOU/Documents/eclipse-jee-juno-SR2-win32-x86_64/eclipse/plugins/org.eclipse.pde.build_3.8.2.v20121114-140810/templates/" />
    <property name="sun.management.compiler" value="HotSpot 64-Bit Tiered Compilers" />
    <property name="env.PROMPT" value="$P$G" />
    <property name="env.DriverData" value="C:\Windows\System32\Drivers\DriverData" />
    <property name="os.name" value="Windows 8.1" />
    <property name="sun.boot.class.path" value="C:\Program Files\Java\jre1.8.0_51\lib\resources.jar;C:\Program Files\Java\jre1.8.0_51\lib\rt.jar;C:\Program Files\Java\jre1.8.0_51\lib\sunrsasign.jar;C:\Program Files\Java\jre1.8.0_51\lib\jsse.jar;C:\Program Files\Java\jre1.8.0_51\lib\jce.jar;C:\Program Files\Java\jre1.8.0_51\lib\charsets.jar;C:\Program Files\Java\jre1.8.0_51\lib\jfr.jar;C:\Program Files\Java\jre1.8.0_51\classes" />
    <property name="env.TMPDIR" value="C:\Users\Public\Documents\Wondershare\CreatorTemp" />
    <property name="env.COMPUTERNAME" value="DESKTOP-RG131NC" />
    <property name="env.CommonProgramW6432" value="C:\Program Files\Common Files" />
    <property name="ant.file.P3_AYD1_2019" value="C:\Users\CARZIZOU\git\P3_AYD1_2019\P3_AYD1_2019\build.xml" />
    <property name="env.ALLUSERSPROFILE" value="C:\ProgramData" />
    <property name="sun.desktop" value="windows" />
    <property name="ant.file.type.P3_AYD1_2019" value="file" />
    <property name="java.vm.specification.vendor" value="Oracle Corporation" />
    <property name="ant.home" value="C:\Users\CARZIZOU\Documents\eclipse-jee-juno-SR2-win32-x86_64\eclipse\plugins\org.apache.ant_1.8.3.v201301120609" />
    <property name="java.runtime.version" value="1.8.0_51-b16" />
    <property name="env.HOMEPATH" value="\Users\CARZIZOU" />
    <property name="user.name" value="CARZIZOU" />
    <property name="env.git" value="C:\Program Files\Git" />
    <property name="user.language" value="es" />
    <property name="sun.boot.library.path" value="C:\Program Files\Java\jre1.8.0_51\bin" />
    <property name="ant.project.default-target" value="build" />
    <property name="ant.project.name" value="P3_AYD1_2019" />
    <property name="java.version" value="1.8.0_51" />
    <property name="env.PROCESSOR_IDENTIFIER" value="Intel64 Family 6 Model 61 Stepping 4, GenuineIntel" />
    <property name="user.timezone" value="America/Regina" />
    <property name="env.TEMP" value="C:\Users\CARZIZOU\AppData\Local\Temp" />
    <property name="sun.arch.data.model" value="64" />
    <property name="java.endorsed.dirs" value="C:\Program Files\Java\jre1.8.0_51\lib\endorsed" />
    <property name="sun.cpu.isalist" value="amd64" />
    <property name="env.HOMEDRIVE" value="C:" />
    <property name="sun.jnu.encoding" value="Cp1252" />
    <property name="file.encoding.pkg" value="sun.io" />
    <property name="env.VS110COMNTOOLS" value="C:\Program Files (x86)\Microsoft Visual Studio 11.0\Common7\Tools\" />
    <property name="ECLIPSE_HOME" value="../../../Documents/eclipse-jee-juno-SR2-win32-x86_64/eclipse" />
    <property name="file.separator" value="\" />
    <property name="java.specification.name" value="Java Platform API Specification" />
    <property name="java.class.version" value="52.0" />
    <property name="user.country" value="GT" />
    <property name="java.home" value="C:\Program Files\Java\jre1.8.0_51" />
    <property name="env.PSModulePath" value="C:\WINDOWS\system32\WindowsPowerShell\v1.0\Modules\" />
    <property name="env.APPDATA" value="C:\Users\CARZIZOU\AppData\Roaming" />
    <property name="env.PUBLIC" value="C:\Users\Public" />
    <property name="java.vm.info" value="mixed mode" />
    <property name="env.ComSpec" value="C:\WINDOWS\system32\cmd.exe" />
    <property name="env.OS" value="Windows_NT" />
    <property name="env.CommonProgramFiles" value="C:\Program Files\Common Files" />
    <property name="env.MuPAD_SWP_310" value="C:\Program Files (x86)\Scientific Notebook\MuPAD" />
    <property name="ant.file" value="C:\Users\CARZIZOU\git\P3_AYD1_2019\P3_AYD1_2019\build.xml" />
    <property name="os.version" value="6.3" />
    <property name="env.ProgramW6432" value="C:\Program Files" />
    <property name="path.separator" value=";" />
    <property name="java.vm.version" value="25.51-b03" />
    <property name="user.variant" value="" />
    <property name="env.USERPROFILE" value="C:\Users\CARZIZOU" />
    <property name="ant.library.dir" value="C:\Users\CARZIZOU\Documents\eclipse-jee-juno-SR2-win32-x86_64\eclipse\plugins\org.apache.ant_1.8.3.v201301120609\lib" />
    <property name="junit.output.dir" value="C:\Users\CARZIZOU\git\P3_AYD1_2019\P3_AYD1_2019\reporte" />
    <property name="env.JAVA_HOME" value="C:\Program Files\Java\jdk1.8.0_51" />
    <property name="java.awt.printerjob" value="sun.awt.windows.WPrinterJob" />
    <property name="env.TMP" value="C:\Users\CARZIZOU\AppData\Local\Temp" />
    <property name="env.FPS_BROWSER_USER_PROFILE_STRING" value="Default" />
    <property name="sun.io.unicode.encoding" value="UnicodeLittle" />
    <property name="awt.toolkit" value="sun.awt.windows.WToolkit" />
    <property name="user.script" value="" />
    <property name="eclipse.pdebuild.scripts" value="/C:/Users/CARZIZOU/Documents/eclipse-jee-juno-SR2-win32-x86_64/eclipse/plugins/org.eclipse.pde.build_3.8.2.v20121114-140810/scripts/" />
    <property name="user.home" value="C:\Users\CARZIZOU" />
    <property name="target" value="1.5" />
    <property name="env.ProgramData" value="C:\ProgramData" />
    <property name="env.SESSIONNAME" value="Console" />
    <property name="env.ProgramFiles(x86)" value="C:\Program Files (x86)" />
    <property name="java.specification.vendor" value="Oracle Corporation" />
    <property name="java.vendor.url" value="http://java.oracle.com/" />
    <property name="env.NUMBER_OF_PROCESSORS" value="4" />
    <property name="java.library.path" value="C:\Program Files\Java\jre1.8.0_51\bin;C:\WINDOWS\Sun\Java\bin;C:\WINDOWS\system32;C:\WINDOWS;C:/Program Files/Java/jre1.8.0_51/bin/server;C:/Program Files/Java/jre1.8.0_51/bin;C:/Program Files/Java/jre1.8.0_51/lib/amd64;C:\Program Files\Broadcom\Broadcom 802.11 Network Adapter;C:\ProgramData\Oracle\Java\javapath;C:\WINDOWS\system32;C:\WINDOWS;C:\WINDOWS\System32\Wbem;C:\WINDOWS\System32\WindowsPowerShell\v1.0\;c:\Program Files\Intel\WiFi\bin\;c:\Program Files\Common Files\Intel\WirelessCommon\;C:\Program Files (x86)\Graphviz 2.28\bin;C:\Program Files\Microsoft\Web Platform Installer\;C:\Program Files (x86)\Microsoft ASP.NET\ASP.NET Web Pages\v1.0\;C:\Program Files (x86)\Windows Kits\8.0\Windows Performance Toolkit\;C:\Program Files\Microsoft SQL Server\110\Tools\Binn\;C:\Program Files\Java\jdk1.8.0_51\bin;C:\COMPI2\javacc-6.0\javacc-6.0\bin;C:\WINDOWS\System32\OpenSSH\;C:\Program Files\Java\jdk1.8.0_51\bin;C:\apache-maven-3.6.1\bin;c:\Program Files\Intel\WiFi\bin\;c:\Program Files\Common Files\Intel\WirelessCommon\;C:\Users\CARZIZOU\AppData\Local\Microsoft\WindowsApps;;C:\Users\CARZIZOU\Documents\eclipse-jee-juno-SR2-win32-x86_64\eclipse;;." />
    <property name="java.vm.vendor" value="Oracle Corporation" />
    <property name="java.runtime.name" value="Java(TM) SE Runtime Environment" />
    <property name="ant.version" value="Apache Ant(TM) version 1.8.3 compiled on February 26 2012" />
    <property name="java.class.path" value="C:\Users\CARZIZOU\git\P3_AYD1_2019\P3_AYD1_2019\build\classes;C:\Users\CARZIZOU\git\P3_AYD1_2019\P3_AYD1_2019\WebContent\WEB-INF\lib\PdfExporter.jar;C:\Users\CARZIZOU\git\P3_AYD1_2019\P3_AYD1_2019\WebContent\WEB-INF\lib\bsh.jar;C:\Users\CARZIZOU\git\P3_AYD1_2019\P3_AYD1_2019\WebContent\WEB-INF\lib\closure-compiler.jar;C:\Users\CARZIZOU\git\P3_AYD1_2019\P3_AYD1_2019\WebContent\WEB-INF\lib\commons-beanutils-1.8.3.jar;C:\Users\CARZIZOU\git\P3_AYD1_2019\P3_AYD1_2019\WebContent\WEB-INF\lib\commons-collections.jar;C:\Users\CARZIZOU\git\P3_AYD1_2019\P3_AYD1_2019\WebContent\WEB-INF\lib\commons-dbutils-1.3.jar;C:\Users\CARZIZOU\git\P3_AYD1_2019\P3_AYD1_2019\WebContent\WEB-INF\lib\commons-dbutils-1.4.jar;C:\Users\CARZIZOU\git\P3_AYD1_2019\P3_AYD1_2019\WebContent\WEB-INF\lib\commons-fileupload.jar;C:\Users\CARZIZOU\git\P3_AYD1_2019\P3_AYD1_2019\WebContent\WEB-INF\lib\commons-io.jar;C:\Users\CARZIZOU\git\P3_AYD1_2019\P3_AYD1_2019\WebContent\WEB-INF\lib\commons-logging.jar;C:\Users\CARZIZOU\git\P3_AYD1_2019\P3_AYD1_2019\WebContent\WEB-INF\lib\flashchart.jar;C:\Users\CARZIZOU\git\P3_AYD1_2019\P3_AYD1_2019\WebContent\WEB-INF\lib\gmapsz.jar;C:\Users\CARZIZOU\git\P3_AYD1_2019\P3_AYD1_2019\WebContent\WEB-INF\lib\gson.jar;C:\Users\CARZIZOU\git\P3_AYD1_2019\P3_AYD1_2019\WebContent\WEB-INF\lib\itext.jar;C:\Users\CARZIZOU\git\P3_AYD1_2019\P3_AYD1_2019\WebContent\WEB-INF\lib\jackson-annotations.jar;C:\Users\CARZIZOU\git\P3_AYD1_2019\P3_AYD1_2019\WebContent\WEB-INF\lib\jackson-core.jar;C:\Users\CARZIZOU\git\P3_AYD1_2019\P3_AYD1_2019\WebContent\WEB-INF\lib\jackson-databind.jar;C:\Users\CARZIZOU\git\P3_AYD1_2019\P3_AYD1_2019\WebContent\WEB-INF\lib\javassist.jar;C:\Users\CARZIZOU\git\P3_AYD1_2019\P3_AYD1_2019\WebContent\WEB-INF\lib\jcommon.jar;C:\Users\CARZIZOU\git\P3_AYD1_2019\P3_AYD1_2019\WebContent\WEB-INF\lib\jfreechart.jar;C:\Users\CARZIZOU\git\P3_AYD1_2019\P3_AYD1_2019\WebContent\WEB-INF\lib\jxl.jar;C:\Users\CARZIZOU\git\P3_AYD1_2019\P3_AYD1_2019\WebContent\WEB-INF\lib\mysql-connector-java-5.1.46.jar;C:\Users\CARZIZOU\git\P3_AYD1_2019\P3_AYD1_2019\WebContent\WEB-INF\lib\poi-3.7-20101029.jar;C:\Users\CARZIZOU\git\P3_AYD1_2019\P3_AYD1_2019\WebContent\WEB-INF\lib\poi-ooxml-3.7-20101029.jar;C:\Users\CARZIZOU\git\P3_AYD1_2019\P3_AYD1_2019\WebContent\WEB-INF\lib\poi.jar;C:\Users\CARZIZOU\git\P3_AYD1_2019\P3_AYD1_2019\WebContent\WEB-INF\lib\sapphire.jar;C:\Users\CARZIZOU\git\P3_AYD1_2019\P3_AYD1_2019\WebContent\WEB-INF\lib\slf4j-api.jar;C:\Users\CARZIZOU\git\P3_AYD1_2019\P3_AYD1_2019\WebContent\WEB-INF\lib\slf4j-jdk14.jar;C:\Users\CARZIZOU\git\P3_AYD1_2019\P3_AYD1_2019\WebContent\WEB-INF\lib\timelinez.jar;C:\Users\CARZIZOU\git\P3_AYD1_2019\P3_AYD1_2019\WebContent\WEB-INF\lib\timeplotz.jar;C:\Users\CARZIZOU\git\P3_AYD1_2019\P3_AYD1_2019\WebContent\WEB-INF\lib\zcommon.jar;C:\Users\CARZIZOU\git\P3_AYD1_2019\P3_AYD1_2019\WebContent\WEB-INF\lib\zel.jar;C:\Users\CARZIZOU\git\P3_AYD1_2019\P3_AYD1_2019\WebContent\WEB-INF\lib\zhtml.jar;C:\Users\CARZIZOU\git\P3_AYD1_2019\P3_AYD1_2019\WebContent\WEB-INF\lib\zk.jar;C:\Users\CARZIZOU\git\P3_AYD1_2019\P3_AYD1_2019\WebContent\WEB-INF\lib\zkbind.jar;C:\Users\CARZIZOU\git\P3_AYD1_2019\P3_AYD1_2019\WebContent\WEB-INF\lib\zkex.jar;C:\Users\CARZIZOU\git\P3_AYD1_2019\P3_AYD1_2019\WebContent\WEB-INF\lib\zkmax.jar;C:\Users\CARZIZOU\git\P3_AYD1_2019\P3_AYD1_2019\WebContent\WEB-INF\lib\zkplus.jar;C:\Users\CARZIZOU\git\P3_AYD1_2019\P3_AYD1_2019\WebContent\WEB-INF\lib\zml.jar;C:\Users\CARZIZOU\git\P3_AYD1_2019\P3_AYD1_2019\WebContent\WEB-INF\lib\zsoup.jar;C:\Users\CARZIZOU\git\P3_AYD1_2019\P3_AYD1_2019\WebContent\WEB-INF\lib\zss.jar;C:\Users\CARZIZOU\git\P3_AYD1_2019\P3_AYD1_2019\WebContent\WEB-INF\lib\zul.jar;C:\Users\CARZIZOU\git\P3_AYD1_2019\P3_AYD1_2019\WebContent\WEB-INF\lib\zuljsp.jar;C:\Users\CARZIZOU\git\P3_AYD1_2019\P3_AYD1_2019\WebContent\WEB-INF\lib\zuti.jar;C:\Users\CARZIZOU\git\P3_AYD1_2019\P3_AYD1_2019\WebContent\WEB-INF\lib\zweb.jar;C:\Users\CARZIZOU\Documents\eclipse-jee-juno-SR2-win32-x86_64\eclipse\plugins\org.junit_4.10.0.v4_10_0_v20120426-0900\junit.jar;C:\Users\CARZIZOU\Documents\eclipse-jee-juno-SR2-win32-x86_64\eclipse\plugins\org.hamcrest.core_1.1.0.v20090501071000.jar;C:\Users\CARZIZOU\Documents\eclipse-jee-juno-SR2-win32-x86_64\eclipse\plugins\org.apache.ant_1.8.3.v201301120609\lib\ant-launcher.jar;C:\Users\CARZIZOU\Documents\eclipse-jee-juno-SR2-win32-x86_64\eclipse\plugins\org.apache.ant_1.8.3.v201301120609\lib\ant.jar;C:\Users\CARZIZOU\Documents\eclipse-jee-juno-SR2-win32-x86_64\eclipse\plugins\org.apache.ant_1.8.3.v201301120609\lib\ant-junit.jar;C:\Users\CARZIZOU\Documents\eclipse-jee-juno-SR2-win32-x86_64\eclipse\plugins\org.apache.ant_1.8.3.v201301120609\lib\ant-junit4.jar" />
    <property name="sun.java.command" value="org.apache.tools.ant.taskdefs.optional.junit.JUnitTestRunner p3_ayd1.AdministradorTest filtertrace=true haltOnError=false haltOnFailure=false formatter=org.apache.tools.ant.taskdefs.optional.junit.OutErrSummaryJUnitResultFormatter showoutput=false outputtoformatters=true logfailedtests=true logtestlistenerevents=false formatter=org.apache.tools.ant.taskdefs.optional.junit.XMLJUnitResultFormatter,C:\Users\CARZIZOU\git\P3_AYD1_2019\P3_AYD1_2019\reporte\TEST-p3_ayd1.AdministradorTest.xml crashfile=C:\Users\CARZIZOU\git\P3_AYD1_2019\P3_AYD1_2019\junitvmwatcher8844010224842377003.properties propsfile=C:\Users\CARZIZOU\git\P3_AYD1_2019\P3_AYD1_2019\junit8806873828599981066.properties" />
    <property name="java.vm.specification.name" value="Java Virtual Machine Specification" />
    <property name="env.windir" value="C:\WINDOWS" />
    <property name="env.LOGONSERVER" value="\\DESKTOP-RG131NC" />
    <property name="env.PROCESSOR_ARCHITECTURE" value="AMD64" />
    <property name="java.vm.specification.version" value="1.8" />
    <property name="env.MAVEN2" value="C:\apache-maven-3.6.1\bin" />
    <property name="sun.os.patch.level" value="" />
    <property name="sun.cpu.endian" value="little" />
    <property name="debuglevel" value="source,lines,vars" />
    <property name="env.OneDrive" value="C:\Users\CARZIZOU\OneDrive" />
    <property name="env.ProgramFiles" value="C:\Program Files" />
    <property name="env.ANT_HOME" value="C:\Users\CARZIZOU\Documents\eclipse-jee-juno-SR2-win32-x86_64\eclipse\plugins\org.apache.ant_1.8.3.v201301120609" />
    <property name="env.PROCESSOR_REVISION" value="3d04" />
    <property name="eclipse.pdebuild.home" value="/C:/Users/CARZIZOU/Documents/eclipse-jee-juno-SR2-win32-x86_64/eclipse/plugins/org.eclipse.pde.build_3.8.2.v20121114-140810/./" />
    <property name="java.io.tmpdir" value="C:\Users\CARZIZOU\AppData\Local\Temp\" />
    <property name="env.CommonProgramFiles(x86)" value="C:\Program Files (x86)\Common Files" />
    <property name="java.vendor.url.bug" value="http://bugreport.sun.com/bugreport/" />
    <property name="env.SystemRoot" value="C:\WINDOWS" />
    <property name="env.FPS_BROWSER_APP_PROFILE_STRING" value="Internet Explorer" />
    <property name="env.MAVEN2_HOME" value="C:\apache-maven-3.6.1" />
    <property name="java.awt.graphicsenv" value="sun.awt.Win32GraphicsEnvironment" />
    <property name="os.arch" value="amd64" />
    <property name="java.ext.dirs" value="C:\Program Files\Java\jre1.8.0_51\lib\ext;C:\WINDOWS\Sun\Java\lib\ext" />
    <property name="env.LOCALAPPDATA" value="C:\Users\CARZIZOU\AppData\Local" />
    <property name="user.dir" value="C:\Users\CARZIZOU\git\P3_AYD1_2019\P3_AYD1_2019" />
    <property name="line.separator" value="&#xd;&#xa;" />
    <property name="java.vm.name" value="Java HotSpot(TM) 64-Bit Server VM" />
    <property name="env.PATHEXT" value=".COM;.EXE;.BAT;.CMD;.VBS;.VBE;.JS;.JSE;.WSF;.WSH;.MSC" />
    <property name="env.Path" value="C:/Program Files/Java/jre1.8.0_51/bin/server;C:/Program Files/Java/jre1.8.0_51/bin;C:/Program Files/Java/jre1.8.0_51/lib/amd64;C:\Program Files\Broadcom\Broadcom 802.11 Network Adapter;C:\ProgramData\Oracle\Java\javapath;C:\WINDOWS\system32;C:\WINDOWS;C:\WINDOWS\System32\Wbem;C:\WINDOWS\System32\WindowsPowerShell\v1.0\;c:\Program Files\Intel\WiFi\bin\;c:\Program Files\Common Files\Intel\WirelessCommon\;C:\Program Files (x86)\Graphviz 2.28\bin;C:\Program Files\Microsoft\Web Platform Installer\;C:\Program Files (x86)\Microsoft ASP.NET\ASP.NET Web Pages\v1.0\;C:\Program Files (x86)\Windows Kits\8.0\Windows Performance Toolkit\;C:\Program Files\Microsoft SQL Server\110\Tools\Binn\;C:\Program Files\Java\jdk1.8.0_51\bin;C:\COMPI2\javacc-6.0\javacc-6.0\bin;C:\WINDOWS\System32\OpenSSH\;C:\Program Files\Java\jdk1.8.0_51\bin;C:\apache-maven-3.6.1\bin;c:\Program Files\Intel\WiFi\bin\;c:\Program Files\Common Files\Intel\WirelessCommon\;C:\Users\CARZIZOU\AppData\Local\Microsoft\WindowsApps;;C:\Users\CARZIZOU\Documents\eclipse-jee-juno-SR2-win32-x86_64\eclipse;" />
    <property name="basedir" value="C:\Users\CARZIZOU\git\P3_AYD1_2019\P3_AYD1_2019" />
    <property name="ant.java.version" value="1.8" />
    <property name="ant.core.lib" value="C:\Users\CARZIZOU\Documents\eclipse-jee-juno-SR2-win32-x86_64\eclipse\plugins\org.apache.ant_1.8.3.v201301120609\lib\ant.jar" />
    <property name="env.USERNAME" value="CARZIZOU" />
    <property name="source" value="1.5" />
    <property name="env.SystemDrive" value="C:" />
    <property name="file.encoding" value="Cp1252" />
    <property name="env.USERDOMAIN" value="DESKTOP-RG131NC" />
    <property name="java.specification.version" value="1.8" />
    <property name="ant.project.invoked-targets" value="AdministradorTest" />
    <property name="env.PROCESSOR_LEVEL" value="6" />
  </properties>
  <testcase classname="p3_ayd1.AdministradorTest" name="test_actualizar_solicitud" time="0.768" />
  <testcase classname="p3_ayd1.AdministradorTest" name="test_actualizar_credito" time="0.038" />
  <testcase classname="p3_ayd1.AdministradorTest" name="verificarCamposDebitar" time="0.0" />
  <system-out><![CDATA[valor de consulta:1
valor de consulta:1
]]></system-out>
  <system-err><![CDATA[]]></system-err>
</testsuite>
